
> product-site-1@0.1.0 build
> next build

   ▲ Next.js 16.0.10 (Turbopack)

   Creating an optimized production build ...
 ✓ Compiled successfully in 5.5s
   Running TypeScript ...
Failed to compile.

./src/components/about/ImpactWithoutBordersTimeline.tsx:273:26
Type error: 'Icon' cannot be used as a JSX component.
  Its type '({ isActive }: { isActive: boolean; }) => void' is not a valid JSX element type.
    Type '({ isActive }: { isActive: boolean; }) => void' is not assignable to type '(props: any) => ReactNode | Promise<ReactNode>'.
      Type 'void' is not assignable to type 'ReactNode | Promise<ReactNode>'.

[0m [90m 271 |[39m                         transition[33m=[39m{{ duration[33m:[39m [35m0.4[39m }}
 [90m 272 |[39m                     [33m>[39m
[31m[1m>[22m[39m[90m 273 |[39m                         [33m<[39m[33mIcon[39m isActive[33m=[39m{isActive} [33m/[39m[33m>[39m
 [90m     |[39m                          [31m[1m^[22m[39m
 [90m 274 |[39m                     [33m<[39m[33m/[39m[33mmotion[39m[33m.[39mdiv[33m>[39m
 [90m 275 |[39m                 [33m<[39m[33m/[39m[33mmotion[39m[33m.[39mdiv[33m>[39m
 [90m 276 |[39m[0m
Next.js build worker exited with code: 1 and signal: null
