
> product-site-1@0.1.0 build
> next build

   ▲ Next.js 16.0.10 (Turbopack)

   Creating an optimized production build ...
 ✓ Compiled successfully in 5.2s
   Running TypeScript ...
Failed to compile.

./src/components/products/ProcessFlowSection.tsx:191:19
Type error: Type '{ hidden: { opacity: number; y: number; scale: number; }; visible: { opacity: number; y: number; scale: number; transition: { duration: number; ease: number[]; }; }; }' is not assignable to type 'Variants'.
  Property 'visible' is incompatible with index signature.
    Type '{ opacity: number; y: number; scale: number; transition: { duration: number; ease: number[]; }; }' is not assignable to type 'Variant'.
      Type '{ opacity: number; y: number; scale: number; transition: { duration: number; ease: number[]; }; }' is not assignable to type 'TargetAndTransition'.
        Type '{ opacity: number; y: number; scale: number; transition: { duration: number; ease: number[]; }; }' is not assignable to type '{ transition?: Transition<any> | undefined; transitionEnd?: ResolvedValues | undefined; }'.
          Types of property 'transition' are incompatible.
            Type '{ duration: number; ease: number[]; }' is not assignable to type 'Transition<any> | undefined'.
              Type '{ duration: number; ease: number[]; }' is not assignable to type 'TransitionWithValueOverrides<any>'.
                Type '{ duration: number; ease: number[]; }' is not assignable to type 'ValueAnimationTransition<any>'.
                  Types of property 'ease' are incompatible.
                    Type 'number[]' is not assignable to type 'Easing | Easing[] | undefined'.
                      Type 'number[]' is not assignable to type 'EasingFunction | Easing[]'.
                        Type 'number[]' is not assignable to type 'Easing[]'.
                          Type 'number' is not assignable to type 'Easing'.

[0m [90m 189 |[39m                 {[90m/* Process Step */[39m}
 [90m 190 |[39m                 [33m<[39m[33mmotion[39m[33m.[39mdiv
[31m[1m>[22m[39m[90m 191 |[39m                   variants[33m=[39m{stepVariants}
 [90m     |[39m                   [31m[1m^[22m[39m
 [90m 192 |[39m                   className[33m=[39m[32m"relative group"[39m
 [90m 193 |[39m                 [33m>[39m
 [90m 194 |[39m                   {[90m/* Glow Effect */[39m}[0m
Next.js build worker exited with code: 1 and signal: null
